<?xml version="1.0" encoding="UTF-8"?>
<coverage generated="1445807576">
  <project timestamp="1445807576">
    <package name="siestaphp">
      <file name="/Users/gregor/PhpstormProjects/SiestaPHP/src/siestaphp/Config.php">
        <class name="Config" namespace="siestaphp" fullPackage="siestaphp" package="siestaphp">
          <metrics methods="8" coveredmethods="1" conditionals="0" coveredconditionals="0" statements="51" coveredstatements="6" elements="59" coveredelements="7"/>
        </class>
        <line num="47" type="method" name="getInstance" crap="2.86" count="50"/>
        <line num="49" type="stmt" count="50"/>
        <line num="50" type="stmt" count="0"/>
        <line num="51" type="stmt" count="0"/>
        <line num="52" type="stmt" count="0"/>
        <line num="53" type="stmt" count="50"/>
        <line num="82" type="method" name="__construct" crap="2" count="0"/>
        <line num="84" type="stmt" count="0"/>
        <line num="85" type="stmt" count="0"/>
        <line num="92" type="method" name="getConfigFileName" crap="2" count="0"/>
        <line num="94" type="stmt" count="0"/>
        <line num="103" type="method" name="findConfig" crap="20" count="0"/>
        <line num="105" type="stmt" count="0"/>
        <line num="107" type="stmt" count="0"/>
        <line num="108" type="stmt" count="0"/>
        <line num="109" type="stmt" count="0"/>
        <line num="111" type="stmt" count="0"/>
        <line num="112" type="stmt" count="0"/>
        <line num="113" type="stmt" count="0"/>
        <line num="114" type="stmt" count="0"/>
        <line num="117" type="stmt" count="0"/>
        <line num="118" type="stmt" count="0"/>
        <line num="119" type="stmt" count="0"/>
        <line num="120" type="stmt" count="0"/>
        <line num="121" type="stmt" count="0"/>
        <line num="122" type="stmt" count="0"/>
        <line num="124" type="stmt" count="0"/>
        <line num="134" type="method" name="findConfigFile" crap="12" count="0"/>
        <line num="137" type="stmt" count="0"/>
        <line num="138" type="stmt" count="0"/>
        <line num="139" type="stmt" count="0"/>
        <line num="142" type="stmt" count="0"/>
        <line num="143" type="stmt" count="0"/>
        <line num="144" type="stmt" count="0"/>
        <line num="148" type="stmt" count="0"/>
        <line num="149" type="stmt" count="0"/>
        <line num="156" type="method" name="configureConnections" crap="20" count="0"/>
        <line num="158" type="stmt" count="0"/>
        <line num="159" type="stmt" count="0"/>
        <line num="160" type="stmt" count="0"/>
        <line num="162" type="stmt" count="0"/>
        <line num="163" type="stmt" count="0"/>
        <line num="164" type="stmt" count="0"/>
        <line num="166" type="stmt" count="0"/>
        <line num="167" type="stmt" count="0"/>
        <line num="168" type="stmt" count="0"/>
        <line num="169" type="stmt" count="0"/>
        <line num="170" type="stmt" count="0"/>
        <line num="171" type="stmt" count="0"/>
        <line num="176" type="method" name="getGeneratorConfig" crap="2" count="50"/>
        <line num="178" type="stmt" count="50"/>
        <line num="179" type="stmt" count="1"/>
        <line num="180" type="stmt" count="1"/>
        <line num="181" type="stmt" count="50"/>
        <line num="187" type="method" name="getReverseGeneratorConfig" crap="6" count="0"/>
        <line num="189" type="stmt" count="0"/>
        <line num="190" type="stmt" count="0"/>
        <line num="191" type="stmt" count="0"/>
        <line num="192" type="stmt" count="0"/>
        <metrics loc="194" ncloc="130" classes="1" methods="8" coveredmethods="1" conditionals="0" coveredconditionals="0" statements="51" coveredstatements="6" elements="59" coveredelements="7"/>
      </file>
    </package>
    <package name="siestaphp\console">
      <file name="/Users/gregor/PhpstormProjects/SiestaPHP/src/siestaphp/console/GeneratorCommand.php">
        <class name="GeneratorCommand" namespace="siestaphp\console" fullPackage="AppBundle" package="AppBundle">
          <metrics methods="7" coveredmethods="0" conditionals="0" coveredconditionals="0" statements="58" coveredstatements="0" elements="65" coveredelements="0"/>
        </class>
        <line num="56" type="method" name="configure" crap="2" count="0"/>
        <line num="57" type="stmt" count="0"/>
        <line num="58" type="stmt" count="0"/>
        <line num="59" type="stmt" count="0"/>
        <line num="60" type="stmt" count="0"/>
        <line num="62" type="stmt" count="0"/>
        <line num="63" type="stmt" count="0"/>
        <line num="64" type="stmt" count="0"/>
        <line num="65" type="stmt" count="0"/>
        <line num="67" type="stmt" count="0"/>
        <line num="68" type="stmt" count="0"/>
        <line num="69" type="stmt" count="0"/>
        <line num="78" type="method" name="execute" crap="12" count="0"/>
        <line num="79" type="stmt" count="0"/>
        <line num="80" type="stmt" count="0"/>
        <line num="81" type="stmt" count="0"/>
        <line num="82" type="stmt" count="0"/>
        <line num="84" type="stmt" count="0"/>
        <line num="86" type="stmt" count="0"/>
        <line num="87" type="stmt" count="0"/>
        <line num="89" type="stmt" count="0"/>
        <line num="91" type="stmt" count="0"/>
        <line num="94" type="stmt" count="0"/>
        <line num="96" type="stmt" count="0"/>
        <line num="98" type="stmt" count="0"/>
        <line num="99" type="stmt" count="0"/>
        <line num="100" type="stmt" count="0"/>
        <line num="101" type="stmt" count="0"/>
        <line num="102" type="stmt" count="0"/>
        <line num="103" type="stmt" count="0"/>
        <line num="104" type="stmt" count="0"/>
        <line num="105" type="stmt" count="0"/>
        <line num="106" type="stmt" count="0"/>
        <line num="107" type="stmt" count="0"/>
        <line num="108" type="stmt" count="0"/>
        <line num="110" type="method" name="configureGenerator" crap="6" count="0"/>
        <line num="111" type="stmt" count="0"/>
        <line num="112" type="stmt" count="0"/>
        <line num="113" type="stmt" count="0"/>
        <line num="114" type="stmt" count="0"/>
        <line num="115" type="stmt" count="0"/>
        <line num="120" type="method" name="getConfig" crap="6" count="0"/>
        <line num="121" type="stmt" count="0"/>
        <line num="122" type="stmt" count="0"/>
        <line num="124" type="stmt" count="0"/>
        <line num="125" type="stmt" count="0"/>
        <line num="126" type="stmt" count="0"/>
        <line num="127" type="stmt" count="0"/>
        <line num="129" type="stmt" count="0"/>
        <line num="130" type="stmt" count="0"/>
        <line num="135" type="method" name="setConfig" crap="6" count="0"/>
        <line num="136" type="stmt" count="0"/>
        <line num="137" type="stmt" count="0"/>
        <line num="138" type="stmt" count="0"/>
        <line num="139" type="stmt" count="0"/>
        <line num="141" type="stmt" count="0"/>
        <line num="142" type="stmt" count="0"/>
        <line num="143" type="stmt" count="0"/>
        <line num="148" type="method" name="startTimer" crap="2" count="0"/>
        <line num="149" type="stmt" count="0"/>
        <line num="150" type="stmt" count="0"/>
        <line num="155" type="method" name="endTimer" crap="2" count="0"/>
        <line num="156" type="stmt" count="0"/>
        <line num="157" type="stmt" count="0"/>
        <line num="158" type="stmt" count="0"/>
        <metrics loc="158" ncloc="116" classes="1" methods="7" coveredmethods="0" conditionals="0" coveredconditionals="0" statements="58" coveredstatements="0" elements="65" coveredelements="0"/>
      </file>
      <file name="/Users/gregor/PhpstormProjects/SiestaPHP/src/siestaphp/console/InitCommand.php">
        <class name="InitCommand" namespace="siestaphp\console" fullPackage="AppBundle" package="AppBundle">
          <metrics methods="10" coveredmethods="0" conditionals="0" coveredconditionals="0" statements="84" coveredstatements="0" elements="94" coveredelements="0"/>
        </class>
        <line num="43" type="method" name="configure" crap="2" count="0"/>
        <line num="44" type="stmt" count="0"/>
        <line num="45" type="stmt" count="0"/>
        <line num="46" type="stmt" count="0"/>
        <line num="48" type="stmt" count="0"/>
        <line num="56" type="method" name="execute" crap="12" count="0"/>
        <line num="57" type="stmt" count="0"/>
        <line num="58" type="stmt" count="0"/>
        <line num="59" type="stmt" count="0"/>
        <line num="61" type="stmt" count="0"/>
        <line num="63" type="stmt" count="0"/>
        <line num="64" type="stmt" count="0"/>
        <line num="65" type="stmt" count="0"/>
        <line num="67" type="stmt" count="0"/>
        <line num="69" type="stmt" count="0"/>
        <line num="70" type="stmt" count="0"/>
        <line num="76" type="method" name="generateConfiguration" crap="2" count="0"/>
        <line num="77" type="stmt" count="0"/>
        <line num="79" type="stmt" count="0"/>
        <line num="80" type="stmt" count="0"/>
        <line num="82" type="stmt" count="0"/>
        <line num="83" type="stmt" count="0"/>
        <line num="85" type="stmt" count="0"/>
        <line num="86" type="stmt" count="0"/>
        <line num="87" type="stmt" count="0"/>
        <line num="88" type="stmt" count="0"/>
        <line num="89" type="stmt" count="0"/>
        <line num="90" type="stmt" count="0"/>
        <line num="91" type="stmt" count="0"/>
        <line num="92" type="stmt" count="0"/>
        <line num="94" type="stmt" count="0"/>
        <line num="96" type="stmt" count="0"/>
        <line num="97" type="stmt" count="0"/>
        <line num="102" type="method" name="askConfigTargetPath" crap="2" count="0"/>
        <line num="103" type="stmt" count="0"/>
        <line num="105" type="stmt" count="0"/>
        <line num="106" type="stmt" count="0"/>
        <line num="108" type="stmt" count="0"/>
        <line num="109" type="stmt" count="0"/>
        <line num="111" type="stmt" count="0"/>
        <line num="112" type="stmt" count="0"/>
        <line num="117" type="method" name="continueWithInvalidData" crap="2" count="0"/>
        <line num="118" type="stmt" count="0"/>
        <line num="119" type="stmt" count="0"/>
        <line num="120" type="stmt" count="0"/>
        <line num="121" type="stmt" count="0"/>
        <line num="126" type="method" name="askConnectionDetails" crap="2" count="0"/>
        <line num="127" type="stmt" count="0"/>
        <line num="128" type="stmt" count="0"/>
        <line num="130" type="stmt" count="0"/>
        <line num="131" type="stmt" count="0"/>
        <line num="132" type="stmt" count="0"/>
        <line num="133" type="stmt" count="0"/>
        <line num="134" type="stmt" count="0"/>
        <line num="135" type="stmt" count="0"/>
        <line num="136" type="stmt" count="0"/>
        <line num="137" type="stmt" count="0"/>
        <line num="139" type="stmt" count="0"/>
        <line num="140" type="stmt" count="0"/>
        <line num="147" type="method" name="isConnectionValid" crap="12" count="0"/>
        <line num="148" type="stmt" count="0"/>
        <line num="149" type="stmt" count="0"/>
        <line num="150" type="stmt" count="0"/>
        <line num="151" type="stmt" count="0"/>
        <line num="152" type="stmt" count="0"/>
        <line num="153" type="stmt" count="0"/>
        <line num="154" type="stmt" count="0"/>
        <line num="155" type="stmt" count="0"/>
        <line num="156" type="stmt" count="0"/>
        <line num="157" type="stmt" count="0"/>
        <line num="158" type="stmt" count="0"/>
        <line num="159" type="stmt" count="0"/>
        <line num="160" type="stmt" count="0"/>
        <line num="168" type="method" name="askQuestion" crap="2" count="0"/>
        <line num="169" type="stmt" count="0"/>
        <line num="170" type="stmt" count="0"/>
        <line num="171" type="stmt" count="0"/>
        <line num="172" type="stmt" count="0"/>
        <line num="177" type="method" name="getQuestionHelper" crap="2" count="0"/>
        <line num="178" type="stmt" count="0"/>
        <line num="179" type="stmt" count="0"/>
        <line num="180" type="stmt" count="0"/>
        <line num="186" type="method" name="compileDirectoryList" crap="12" count="0"/>
        <line num="187" type="stmt" count="0"/>
        <line num="188" type="stmt" count="0"/>
        <line num="189" type="stmt" count="0"/>
        <line num="190" type="stmt" count="0"/>
        <line num="191" type="stmt" count="0"/>
        <line num="192" type="stmt" count="0"/>
        <line num="193" type="stmt" count="0"/>
        <line num="194" type="stmt" count="0"/>
        <line num="195" type="stmt" count="0"/>
        <line num="196" type="stmt" count="0"/>
        <line num="198" type="stmt" count="0"/>
        <metrics loc="199" ncloc="147" classes="1" methods="10" coveredmethods="0" conditionals="0" coveredconditionals="0" statements="84" coveredstatements="0" elements="94" coveredelements="0"/>
      </file>
      <file name="/Users/gregor/PhpstormProjects/SiestaPHP/src/siestaphp/console/ReverseGeneratorCommand.php">
        <class name="ReverseGeneratorCommand" namespace="siestaphp\console" fullPackage="AppBundle" package="AppBundle">
          <metrics methods="7" coveredmethods="0" conditionals="0" coveredconditionals="0" statements="60" coveredstatements="0" elements="67" coveredelements="0"/>
        </class>
        <line num="51" type="method" name="configure" crap="2" count="0"/>
        <line num="52" type="stmt" count="0"/>
        <line num="53" type="stmt" count="0"/>
        <line num="54" type="stmt" count="0"/>
        <line num="56" type="stmt" count="0"/>
        <line num="57" type="stmt" count="0"/>
        <line num="58" type="stmt" count="0"/>
        <line num="59" type="stmt" count="0"/>
        <line num="60" type="stmt" count="0"/>
        <line num="61" type="stmt" count="0"/>
        <line num="63" type="stmt" count="0"/>
        <line num="71" type="method" name="execute" crap="12" count="0"/>
        <line num="72" type="stmt" count="0"/>
        <line num="73" type="stmt" count="0"/>
        <line num="74" type="stmt" count="0"/>
        <line num="76" type="stmt" count="0"/>
        <line num="78" type="stmt" count="0"/>
        <line num="80" type="stmt" count="0"/>
        <line num="81" type="stmt" count="0"/>
        <line num="83" type="stmt" count="0"/>
        <line num="85" type="stmt" count="0"/>
        <line num="87" type="stmt" count="0"/>
        <line num="90" type="stmt" count="0"/>
        <line num="92" type="stmt" count="0"/>
        <line num="94" type="stmt" count="0"/>
        <line num="95" type="stmt" count="0"/>
        <line num="96" type="stmt" count="0"/>
        <line num="97" type="stmt" count="0"/>
        <line num="98" type="stmt" count="0"/>
        <line num="99" type="stmt" count="0"/>
        <line num="100" type="stmt" count="0"/>
        <line num="101" type="stmt" count="0"/>
        <line num="102" type="stmt" count="0"/>
        <line num="104" type="stmt" count="0"/>
        <line num="106" type="method" name="configureGenerator" crap="6" count="0"/>
        <line num="107" type="stmt" count="0"/>
        <line num="108" type="stmt" count="0"/>
        <line num="109" type="stmt" count="0"/>
        <line num="110" type="stmt" count="0"/>
        <line num="111" type="stmt" count="0"/>
        <line num="116" type="method" name="getConfig" crap="6" count="0"/>
        <line num="117" type="stmt" count="0"/>
        <line num="118" type="stmt" count="0"/>
        <line num="120" type="stmt" count="0"/>
        <line num="121" type="stmt" count="0"/>
        <line num="122" type="stmt" count="0"/>
        <line num="123" type="stmt" count="0"/>
        <line num="125" type="stmt" count="0"/>
        <line num="126" type="stmt" count="0"/>
        <line num="131" type="method" name="setConfig" crap="6" count="0"/>
        <line num="132" type="stmt" count="0"/>
        <line num="133" type="stmt" count="0"/>
        <line num="134" type="stmt" count="0"/>
        <line num="135" type="stmt" count="0"/>
        <line num="136" type="stmt" count="0"/>
        <line num="138" type="stmt" count="0"/>
        <line num="139" type="stmt" count="0"/>
        <line num="140" type="stmt" count="0"/>
        <line num="145" type="method" name="startTimer" crap="2" count="0"/>
        <line num="146" type="stmt" count="0"/>
        <line num="147" type="stmt" count="0"/>
        <line num="148" type="stmt" count="0"/>
        <line num="153" type="method" name="endTimer" crap="2" count="0"/>
        <line num="154" type="stmt" count="0"/>
        <line num="155" type="stmt" count="0"/>
        <line num="156" type="stmt" count="0"/>
        <line num="157" type="stmt" count="0"/>
        <metrics loc="157" ncloc="118" classes="1" methods="7" coveredmethods="0" conditionals="0" coveredconditionals="0" statements="60" coveredstatements="0" elements="67" coveredelements="0"/>
      </file>
      <file name="/Users/gregor/PhpstormProjects/SiestaPHP/src/siestaphp/console/SymphonyConsoleOutputWrapper.php">
        <class name="SymphonyConsoleOutputWrapper" namespace="siestaphp\console" fullPackage="siestaphp" package="siestaphp">
          <metrics methods="11" coveredmethods="0" conditionals="0" coveredconditionals="0" statements="91" coveredstatements="0" elements="102" coveredelements="0"/>
        </class>
        <line num="25" type="method" name="__construct" crap="2" count="0"/>
        <line num="26" type="stmt" count="0"/>
        <line num="27" type="stmt" count="0"/>
        <line num="28" type="stmt" count="0"/>
        <line num="37" type="method" name="compileMessage" crap="20" count="0"/>
        <line num="38" type="stmt" count="0"/>
        <line num="39" type="stmt" count="0"/>
        <line num="40" type="stmt" count="0"/>
        <line num="41" type="stmt" count="0"/>
        <line num="42" type="stmt" count="0"/>
        <line num="43" type="stmt" count="0"/>
        <line num="44" type="stmt" count="0"/>
        <line num="45" type="stmt" count="0"/>
        <line num="46" type="stmt" count="0"/>
        <line num="47" type="stmt" count="0"/>
        <line num="48" type="stmt" count="0"/>
        <line num="50" type="stmt" count="0"/>
        <line num="51" type="stmt" count="0"/>
        <line num="52" type="stmt" count="0"/>
        <line num="54" type="stmt" count="0"/>
        <line num="55" type="stmt" count="0"/>
        <line num="65" type="method" name="emergency" crap="2" count="0"/>
        <line num="66" type="stmt" count="0"/>
        <line num="67" type="stmt" count="0"/>
        <line num="68" type="stmt" count="0"/>
        <line num="69" type="stmt" count="0"/>
        <line num="81" type="method" name="alert" crap="2" count="0"/>
        <line num="82" type="stmt" count="0"/>
        <line num="83" type="stmt" count="0"/>
        <line num="84" type="stmt" count="0"/>
        <line num="85" type="stmt" count="0"/>
        <line num="96" type="method" name="critical" crap="2" count="0"/>
        <line num="97" type="stmt" count="0"/>
        <line num="98" type="stmt" count="0"/>
        <line num="99" type="stmt" count="0"/>
        <line num="100" type="stmt" count="0"/>
        <line num="111" type="method" name="error" crap="2" count="0"/>
        <line num="112" type="stmt" count="0"/>
        <line num="113" type="stmt" count="0"/>
        <line num="114" type="stmt" count="0"/>
        <line num="115" type="stmt" count="0"/>
        <line num="127" type="method" name="warning" crap="6" count="0"/>
        <line num="128" type="stmt" count="0"/>
        <line num="129" type="stmt" count="0"/>
        <line num="130" type="stmt" count="0"/>
        <line num="131" type="stmt" count="0"/>
        <line num="132" type="stmt" count="0"/>
        <line num="133" type="stmt" count="0"/>
        <line num="134" type="stmt" count="0"/>
        <line num="144" type="method" name="notice" crap="6" count="0"/>
        <line num="145" type="stmt" count="0"/>
        <line num="146" type="stmt" count="0"/>
        <line num="147" type="stmt" count="0"/>
        <line num="148" type="stmt" count="0"/>
        <line num="149" type="stmt" count="0"/>
        <line num="150" type="stmt" count="0"/>
        <line num="151" type="stmt" count="0"/>
        <line num="162" type="method" name="info" crap="6" count="0"/>
        <line num="163" type="stmt" count="0"/>
        <line num="164" type="stmt" count="0"/>
        <line num="165" type="stmt" count="0"/>
        <line num="166" type="stmt" count="0"/>
        <line num="167" type="stmt" count="0"/>
        <line num="168" type="stmt" count="0"/>
        <line num="169" type="stmt" count="0"/>
        <line num="179" type="method" name="debug" crap="6" count="0"/>
        <line num="180" type="stmt" count="0"/>
        <line num="181" type="stmt" count="0"/>
        <line num="182" type="stmt" count="0"/>
        <line num="183" type="stmt" count="0"/>
        <line num="184" type="stmt" count="0"/>
        <line num="185" type="stmt" count="0"/>
        <line num="186" type="stmt" count="0"/>
        <line num="197" type="method" name="log" crap="90" count="0"/>
        <line num="198" type="stmt" count="0"/>
        <line num="199" type="stmt" count="0"/>
        <line num="200" type="stmt" count="0"/>
        <line num="201" type="stmt" count="0"/>
        <line num="202" type="stmt" count="0"/>
        <line num="203" type="stmt" count="0"/>
        <line num="204" type="stmt" count="0"/>
        <line num="205" type="stmt" count="0"/>
        <line num="206" type="stmt" count="0"/>
        <line num="207" type="stmt" count="0"/>
        <line num="208" type="stmt" count="0"/>
        <line num="209" type="stmt" count="0"/>
        <line num="210" type="stmt" count="0"/>
        <line num="211" type="stmt" count="0"/>
        <line num="212" type="stmt" count="0"/>
        <line num="213" type="stmt" count="0"/>
        <line num="214" type="stmt" count="0"/>
        <line num="215" type="stmt" count="0"/>
        <line num="216" type="stmt" count="0"/>
        <line num="217" type="stmt" count="0"/>
        <line num="218" type="stmt" count="0"/>
        <line num="219" type="stmt" count="0"/>
        <line num="220" type="stmt" count="0"/>
        <line num="221" type="stmt" count="0"/>
        <line num="222" type="stmt" count="0"/>
        <line num="223" type="stmt" count="0"/>
        <line num="224" type="stmt" count="0"/>
        <line num="226" type="stmt" count="0"/>
        <metrics loc="227" ncloc="130" classes="1" methods="11" coveredmethods="0" conditionals="0" coveredconditionals="0" statements="91" coveredstatements="0" elements="102" coveredelements="0"/>
      </file>
    </package>
    <file name="/Users/gregor/PhpstormProjects/SiestaPHP/src/siestaphp/console/siesta">
      <line num="1" type="stmt" count="0"/>
      <line num="4" type="stmt" count="0"/>
      <line num="8" type="stmt" count="0"/>
      <line num="9" type="stmt" count="0"/>
      <line num="10" type="stmt" count="0"/>
      <line num="11" type="stmt" count="0"/>
      <line num="13" type="stmt" count="0"/>
      <metrics loc="12" ncloc="12" classes="0" methods="0" coveredmethods="0" conditionals="0" coveredconditionals="0" statements="6" coveredstatements="0" elements="6" coveredelements="0"/>
    </file>
    <file name="/Users/gregor/PhpstormProjects/SiestaPHP/src/siestaphp/console/xslt/ConfigFile.xsl">
      <line num="1" type="stmt" count="0"/>
      <line num="2" type="stmt" count="0"/>
      <line num="4" type="stmt" count="0"/>
      <line num="5" type="stmt" count="0"/>
      <line num="6" type="stmt" count="0"/>
      <line num="7" type="stmt" count="0"/>
      <line num="8" type="stmt" count="0"/>
      <line num="9" type="stmt" count="0"/>
      <line num="10" type="stmt" count="0"/>
      <line num="11" type="stmt" count="0"/>
      <line num="13" type="stmt" count="0"/>
      <line num="14" type="stmt" count="0"/>
      <line num="15" type="stmt" count="0"/>
      <line num="16" type="stmt" count="0"/>
      <line num="17" type="stmt" count="0"/>
      <line num="18" type="stmt" count="0"/>
      <line num="19" type="stmt" count="0"/>
      <line num="20" type="stmt" count="0"/>
      <line num="21" type="stmt" count="0"/>
      <line num="22" type="stmt" count="0"/>
      <line num="23" type="stmt" count="0"/>
      <line num="24" type="stmt" count="0"/>
      <line num="25" type="stmt" count="0"/>
      <line num="26" type="stmt" count="0"/>
      <line num="27" type="stmt" count="0"/>
      <line num="28" type="stmt" count="0"/>
      <line num="29" type="stmt" count="0"/>
      <line num="30" type="stmt" count="0"/>
      <line num="31" type="stmt" count="0"/>
      <line num="32" type="stmt" count="0"/>
      <line num="33" type="stmt" count="0"/>
      <line num="34" type="stmt" count="0"/>
      <line num="35" type="stmt" count="0"/>
      <line num="36" type="stmt" count="0"/>
      <line num="37" type="stmt" count="0"/>
      <line num="38" type="stmt" count="0"/>
      <line num="39" type="stmt" count="0"/>
      <line num="40" type="stmt" count="0"/>
      <line num="41" type="stmt" count="0"/>
      <line num="42" type="stmt" count="0"/>
      <line num="43" type="stmt" count="0"/>
      <line num="44" type="stmt" count="0"/>
      <line num="45" type="stmt" count="0"/>
      <line num="46" type="stmt" count="0"/>
      <line num="47" type="stmt" count="0"/>
      <metrics loc="46" ncloc="46" classes="0" methods="0" coveredmethods="0" conditionals="0" coveredconditionals="0" statements="44" coveredstatements="0" elements="44" coveredelements="0"/>
    </file>
    <package name="siestaphp\datamodel">
      <file name="/Users/gregor/PhpstormProjects/SiestaPHP/src/siestaphp/datamodel/DataModelContainer.php">
        <class name="DataModelContainer" namespace="siestaphp\datamodel" fullPackage="siestaphp" package="siestaphp">
          <metrics methods="7" coveredmethods="5" conditionals="0" coveredconditionals="0" statements="31" coveredstatements="25" elements="38" coveredelements="30"/>
        </class>
        <line num="31" type="method" name="__construct" crap="1" count="55"/>
        <line num="33" type="stmt" count="55"/>
        <line num="35" type="stmt" count="55"/>
        <line num="36" type="stmt" count="55"/>
        <line num="43" type="method" name="addEntitySourceList" crap="3.04" count="55"/>
        <line num="45" type="stmt" count="55"/>
        <line num="46" type="stmt" count="0"/>
        <line num="48" type="stmt" count="55"/>
        <line num="49" type="stmt" count="55"/>
        <line num="50" type="stmt" count="55"/>
        <line num="51" type="stmt" count="55"/>
        <line num="58" type="method" name="addEntitySource" crap="3.65" count="55"/>
        <line num="61" type="stmt" count="55"/>
        <line num="63" type="stmt" count="55"/>
        <line num="64" type="stmt" count="0"/>
        <line num="65" type="stmt" count="0"/>
        <line num="68" type="stmt" count="55"/>
        <line num="69" type="stmt" count="0"/>
        <line num="70" type="stmt" count="0"/>
        <line num="71" type="stmt" count="0"/>
        <line num="74" type="stmt" count="55"/>
        <line num="75" type="stmt" count="55"/>
        <line num="77" type="stmt" count="55"/>
        <line num="78" type="stmt" count="55"/>
        <line num="83" type="method" name="updateModel" crap="2" count="55"/>
        <line num="85" type="stmt" count="55"/>
        <line num="86" type="stmt" count="55"/>
        <line num="87" type="stmt" count="55"/>
        <line num="88" type="stmt" count="55"/>
        <line num="93" type="method" name="validate" crap="2" count="50"/>
        <line num="95" type="stmt" count="50"/>
        <line num="96" type="stmt" count="50"/>
        <line num="97" type="stmt" count="50"/>
        <line num="98" type="stmt" count="50"/>
        <line num="105" type="method" name="getEntityByClassname" crap="1" count="33"/>
        <line num="107" type="stmt" count="33"/>
        <line num="113" type="method" name="getEntityList" crap="1" count="50"/>
        <line num="115" type="stmt" count="50"/>
        <metrics loc="117" ncloc="80" classes="1" methods="7" coveredmethods="5" conditionals="0" coveredconditionals="0" statements="31" coveredstatements="25" elements="38" coveredelements="30"/>
      </file>
    </package>
    <file name="/Users/gregor/PhpstormProjects/SiestaPHP/src/siestaphp/datamodel/DatabaseColumn.php">
      <metrics loc="50" ncloc="22" classes="0" methods="0" coveredmethods="0" conditionals="0" coveredconditionals="0" statements="0" coveredstatements="0" elements="0" coveredelements="0"/>
    </file>
    <file name="/Users/gregor/PhpstormProjects/SiestaPHP/src/siestaphp/datamodel/DatabaseSpecificSource.php">
      <metrics loc="30" ncloc="13" classes="0" methods="0" coveredmethods="0" conditionals="0" coveredconditionals="0" statements="0" coveredstatements="0" elements="0" coveredelements="0"/>
    </file>
    <file name="/Users/gregor/PhpstormProjects/SiestaPHP/src/siestaphp/datamodel/Processable.php">
      <metrics loc="27" ncloc="13" classes="0" methods="0" coveredmethods="0" conditionals="0" coveredconditionals="0" statements="0" coveredstatements="0" elements="0" coveredelements="0"/>
    </file>
    <package name="siestaphp\datamodel\attribute">
      <file name="/Users/gregor/PhpstormProjects/SiestaPHP/src/siestaphp/datamodel/attribute/Attribute.php">
        <class name="Attribute" namespace="siestaphp\datamodel\attribute" fullPackage="siestaphp" package="siestaphp">
          <metrics methods="17" coveredmethods="16" conditionals="0" coveredconditionals="0" statements="48" coveredstatements="46" elements="65" coveredelements="62"/>
        </class>
        <line num="96" type="method" name="setSource" crap="1" count="55"/>
        <line num="98" type="stmt" count="55"/>
        <line num="100" type="stmt" count="55"/>
        <line num="102" type="stmt" count="55"/>
        <line num="107" type="method" name="storeAttributeData" crap="2" count="55"/>
        <line num="109" type="stmt" count="55"/>
        <line num="110" type="stmt" count="55"/>
        <line num="111" type="stmt" count="55"/>
        <line num="112" type="stmt" count="55"/>
        <line num="113" type="stmt" count="55"/>
        <line num="114" type="stmt" count="55"/>
        <line num="115" type="stmt" count="55"/>
        <line num="116" type="stmt" count="55"/>
        <line num="117" type="stmt" count="55"/>
        <line num="119" type="stmt" count="55"/>
        <line num="120" type="stmt" count="55"/>
        <line num="121" type="stmt" count="55"/>
        <line num="123" type="stmt" count="55"/>
        <line num="130" type="method" name="updateModel" crap="3" count="55"/>
        <line num="132" type="stmt" count="55"/>
        <line num="133" type="stmt" count="9"/>
        <line num="134" type="stmt" count="9"/>
        <line num="136" type="stmt" count="55"/>
        <line num="137" type="stmt" count="15"/>
        <line num="138" type="stmt" count="15"/>
        <line num="139" type="stmt" count="15"/>
        <line num="140" type="stmt" count="15"/>
        <line num="141" type="stmt" count="55"/>
        <line num="148" type="method" name="validate" crap="4.13" count="50"/>
        <line num="150" type="stmt" count="50"/>
        <line num="152" type="stmt" count="50"/>
        <line num="154" type="stmt" count="50"/>
        <line num="156" type="stmt" count="50"/>
        <line num="157" type="stmt" count="50"/>
        <line num="158" type="stmt" count="50"/>
        <line num="160" type="stmt" count="50"/>
        <line num="161" type="stmt" count="0"/>
        <line num="162" type="stmt" count="0"/>
        <line num="163" type="stmt" count="50"/>
        <line num="168" type="method" name="getName" crap="1" count="53"/>
        <line num="170" type="stmt" count="53"/>
        <line num="176" type="method" name="getPHPType" crap="1" count="50"/>
        <line num="178" type="stmt" count="50"/>
        <line num="184" type="method" name="getAutoValue" crap="1" count="49"/>
        <line num="186" type="stmt" count="49"/>
        <line num="192" type="method" name="getDatabaseName" crap="1" count="55"/>
        <line num="194" type="stmt" count="55"/>
        <line num="200" type="method" name="getDatabaseType" crap="1" count="51"/>
        <line num="202" type="stmt" count="51"/>
        <line num="208" type="method" name="getLength" crap="1" count="49"/>
        <line num="210" type="stmt" count="49"/>
        <line num="216" type="method" name="getDefaultValue" crap="1" count="49"/>
        <line num="218" type="stmt" count="49"/>
        <line num="224" type="method" name="isPrimaryKey" crap="1" count="55"/>
        <line num="226" type="stmt" count="55"/>
        <line num="232" type="method" name="isRequired" crap="2" count="51"/>
        <line num="234" type="stmt" count="51"/>
        <line num="240" type="method" name="isTransient" crap="1" count="50"/>
        <line num="242" type="stmt" count="50"/>
        <line num="248" type="method" name="isDateTime" crap="1" count="48"/>
        <line num="250" type="stmt" count="48"/>
        <line num="256" type="method" name="getMethodName" crap="1" count="49"/>
        <line num="258" type="stmt" count="49"/>
        <line num="264" type="method" name="getSQLParameterName" crap="1" count="50"/>
        <line num="266" type="stmt" count="50"/>
        <metrics loc="268" ncloc="176" classes="1" methods="17" coveredmethods="16" conditionals="0" coveredconditionals="0" statements="48" coveredstatements="46" elements="65" coveredelements="62"/>
      </file>
    </package>
    <file name="/Users/gregor/PhpstormProjects/SiestaPHP/src/siestaphp/datamodel/attribute/AttributeGeneratorSource.php">
      <metrics loc="25" ncloc="12" classes="0" methods="0" coveredmethods="0" conditionals="0" coveredconditionals="0" statements="0" coveredstatements="0" elements="0" coveredelements="0"/>
    </file>
    <file name="/Users/gregor/PhpstormProjects/SiestaPHP/src/siestaphp/datamodel/attribute/AttributeSource.php">
      <metrics loc="57" ncloc="26" classes="0" methods="0" coveredmethods="0" conditionals="0" coveredconditionals="0" statements="0" coveredstatements="0" elements="0" coveredelements="0"/>
    </file>
    <package name="siestaphp\datamodel\collector">
      <file name="/Users/gregor/PhpstormProjects/SiestaPHP/src/siestaphp/datamodel/collector/Collector.php">
        <class name="Collector" namespace="siestaphp\datamodel\collector" fullPackage="siestaphp" package="siestaphp">
          <metrics methods="14" coveredmethods="11" conditionals="0" coveredconditionals="0" statements="40" coveredstatements="30" elements="54" coveredelements="41"/>
        </class>
        <line num="41" type="method" name="setSource" crap="1" count="20"/>
        <line num="43" type="stmt" count="20"/>
        <line num="44" type="stmt" count="20"/>
        <line num="51" type="method" name="updateModel" crap="3.10" count="20"/>
        <line num="53" type="stmt" count="20"/>
        <line num="54" type="stmt" count="20"/>
        <line num="55" type="stmt" count="15"/>
        <line num="56" type="stmt" count="15"/>
        <line num="57" type="stmt" count="5"/>
        <line num="58" type="stmt" count="0"/>
        <line num="59" type="stmt" count="0"/>
        <line num="60" type="stmt" count="20"/>
        <line num="61" type="stmt" count="20"/>
        <line num="68" type="method" name="updateModel1N" crap="2" count="15"/>
        <line num="70" type="stmt" count="15"/>
        <line num="72" type="stmt" count="15"/>
        <line num="73" type="stmt" count="15"/>
        <line num="74" type="stmt" count="15"/>
        <line num="75" type="stmt" count="15"/>
        <line num="82" type="method" name="updateModelNM" crap="2" count="0"/>
        <line num="85" type="stmt" count="0"/>
        <line num="92" type="method" name="validate" crap="9.96" count="15"/>
        <line num="94" type="stmt" count="15"/>
        <line num="95" type="stmt" count="0"/>
        <line num="98" type="stmt" count="15"/>
        <line num="99" type="stmt" count="0"/>
        <line num="100" type="stmt" count="0"/>
        <line num="102" type="stmt" count="15"/>
        <line num="103" type="stmt" count="0"/>
        <line num="104" type="stmt" count="0"/>
        <line num="106" type="stmt" count="15"/>
        <line num="107" type="stmt" count="0"/>
        <line num="108" type="stmt" count="0"/>
        <line num="110" type="stmt" count="15"/>
        <line num="115" type="method" name="getReferencedFullyQualifiedClassName" crap="2" count="20"/>
        <line num="117" type="stmt" count="20"/>
        <line num="118" type="stmt" count="15"/>
        <line num="120" type="stmt" count="5"/>
        <line num="126" type="method" name="getName" crap="1" count="16"/>
        <line num="128" type="stmt" count="16"/>
        <line num="134" type="method" name="getType" crap="1" count="20"/>
        <line num="136" type="stmt" count="20"/>
        <line num="142" type="method" name="getForeignClass" crap="1" count="16"/>
        <line num="144" type="stmt" count="16"/>
        <line num="150" type="method" name="getMapperClass" crap="1" count="15"/>
        <line num="152" type="stmt" count="15"/>
        <line num="158" type="method" name="getReferenceName" crap="1" count="16"/>
        <line num="160" type="stmt" count="16"/>
        <line num="166" type="method" name="getMethodName" crap="1" count="16"/>
        <line num="168" type="stmt" count="16"/>
        <line num="174" type="method" name="getForeignConstructClass" crap="1" count="15"/>
        <line num="176" type="stmt" count="15"/>
        <line num="182" type="method" name="getReferenceMethodName" crap="1" count="15"/>
        <line num="184" type="stmt" count="15"/>
        <metrics loc="186" ncloc="123" classes="1" methods="14" coveredmethods="11" conditionals="0" coveredconditionals="0" statements="40" coveredstatements="30" elements="54" coveredelements="41"/>
      </file>
    </package>
    <file name="/Users/gregor/PhpstormProjects/SiestaPHP/src/siestaphp/datamodel/collector/CollectorSource.php">
      <metrics loc="36" ncloc="17" classes="0" methods="0" coveredmethods="0" conditionals="0" coveredconditionals="0" statements="0" coveredstatements="0" elements="0" coveredelements="0"/>
    </file>
    <file name="/Users/gregor/PhpstormProjects/SiestaPHP/src/siestaphp/datamodel/collector/CollectorTransformerSource.php">
      <metrics loc="25" ncloc="12" classes="0" methods="0" coveredmethods="0" conditionals="0" coveredconditionals="0" statements="0" coveredstatements="0" elements="0" coveredelements="0"/>
    </file>
    <package name="siestaphp\datamodel\delimit">
      <file name="/Users/gregor/PhpstormProjects/SiestaPHP/src/siestaphp/datamodel/delimit/DelimitAttribute.php">
        <class name="DelimitAttribute" namespace="siestaphp\datamodel\delimit" fullPackage="siestaphp" package="siestaphp">
          <metrics methods="15" coveredmethods="8" conditionals="0" coveredconditionals="0" statements="25" coveredstatements="18" elements="40" coveredelements="26"/>
        </class>
        <line num="18" type="method" name="getDelimitAttributes" crap="1" count="1"/>
        <line num="21" type="stmt" count="1"/>
        <line num="22" type="stmt" count="1"/>
        <line num="23" type="stmt" count="1"/>
        <line num="24" type="stmt" count="1"/>
        <line num="43" type="method" name="__construct" crap="1" count="1"/>
        <line num="45" type="stmt" count="1"/>
        <line num="46" type="stmt" count="1"/>
        <line num="47" type="stmt" count="1"/>
        <line num="48" type="stmt" count="1"/>
        <line num="49" type="stmt" count="1"/>
        <line num="50" type="stmt" count="1"/>
        <line num="51" type="stmt" count="1"/>
        <line num="52" type="stmt" count="1"/>
        <line num="57" type="method" name="getInsertDefault" crap="1" count="1"/>
        <line num="58" type="stmt" count="1"/>
        <line num="64" type="method" name="getMethodName" crap="2" count="0"/>
        <line num="66" type="stmt" count="0"/>
        <line num="72" type="method" name="getLength" crap="2" count="0"/>
        <line num="74" type="stmt" count="0"/>
        <line num="80" type="method" name="getSQLParameterName" crap="2" count="0"/>
        <line num="82" type="stmt" count="0"/>
        <line num="88" type="method" name="getName" crap="2" count="0"/>
        <line num="90" type="stmt" count="0"/>
        <line num="96" type="method" name="getPHPType" crap="2" count="0"/>
        <line num="98" type="stmt" count="0"/>
        <line num="104" type="method" name="getAutoValue" crap="2" count="0"/>
        <line num="106" type="stmt" count="0"/>
        <line num="112" type="method" name="getDatabaseName" crap="1" count="1"/>
        <line num="114" type="stmt" count="1"/>
        <line num="120" type="method" name="getDatabaseType" crap="1" count="1"/>
        <line num="122" type="stmt" count="1"/>
        <line num="128" type="method" name="getDefaultValue" crap="2" count="0"/>
        <line num="130" type="stmt" count="0"/>
        <line num="136" type="method" name="isPrimaryKey" crap="1" count="1"/>
        <line num="138" type="stmt" count="1"/>
        <line num="144" type="method" name="isRequired" crap="1" count="1"/>
        <line num="146" type="stmt" count="1"/>
        <line num="152" type="method" name="isTransient" crap="1" count="1"/>
        <line num="154" type="stmt" count="1"/>
        <metrics loc="156" ncloc="101" classes="1" methods="15" coveredmethods="8" conditionals="0" coveredconditionals="0" statements="25" coveredstatements="18" elements="40" coveredelements="26"/>
      </file>
    </package>
    <package name="siestaphp\datamodel\entity">
      <file name="/Users/gregor/PhpstormProjects/SiestaPHP/src/siestaphp/datamodel/entity/Entity.php">
        <class name="Entity" namespace="siestaphp\datamodel\entity" fullPackage="siestaphp" package="siestaphp">
          <metrics methods="44" coveredmethods="38" conditionals="0" coveredconditionals="0" statements="191" coveredstatements="175" elements="235" coveredelements="213"/>
        </class>
        <line num="123" type="method" name="__construct" crap="1" count="55"/>
        <line num="125" type="stmt" count="55"/>
        <line num="127" type="stmt" count="55"/>
        <line num="129" type="stmt" count="55"/>
        <line num="131" type="stmt" count="55"/>
        <line num="133" type="stmt" count="55"/>
        <line num="135" type="stmt" count="55"/>
        <line num="136" type="stmt" count="55"/>
        <line num="143" type="method" name="setSource" crap="1" count="55"/>
        <line num="145" type="stmt" count="55"/>
        <line num="147" type="stmt" count="55"/>
        <line num="149" type="stmt" count="55"/>
        <line num="151" type="stmt" count="55"/>
        <line num="153" type="stmt" count="55"/>
        <line num="155" type="stmt" count="55"/>
        <line num="157" type="stmt" count="55"/>
        <line num="159" type="stmt" count="55"/>
        <line num="160" type="stmt" count="55"/>
        <line num="165" type="method" name="storeEntityData" crap="1" count="55"/>
        <line num="167" type="stmt" count="55"/>
        <line num="168" type="stmt" count="55"/>
        <line num="169" type="stmt" count="55"/>
        <line num="170" type="stmt" count="55"/>
        <line num="171" type="stmt" count="55"/>
        <line num="172" type="stmt" count="55"/>
        <line num="173" type="stmt" count="55"/>
        <line num="174" type="stmt" count="55"/>
        <line num="179" type="method" name="storeAttributeData" crap="2" count="55"/>
        <line num="181" type="stmt" count="55"/>
        <line num="182" type="stmt" count="55"/>
        <line num="183" type="stmt" count="55"/>
        <line num="184" type="stmt" count="55"/>
        <line num="186" type="stmt" count="55"/>
        <line num="187" type="stmt" count="55"/>
        <line num="192" type="method" name="storeReferenceData" crap="2" count="55"/>
        <line num="194" type="stmt" count="55"/>
        <line num="195" type="stmt" count="31"/>
        <line num="196" type="stmt" count="31"/>
        <line num="197" type="stmt" count="31"/>
        <line num="198" type="stmt" count="55"/>
        <line num="199" type="stmt" count="55"/>
        <line num="204" type="method" name="storeCollectorData" crap="2" count="55"/>
        <line num="206" type="stmt" count="55"/>
        <line num="207" type="stmt" count="20"/>
        <line num="208" type="stmt" count="20"/>
        <line num="209" type="stmt" count="20"/>
        <line num="210" type="stmt" count="55"/>
        <line num="211" type="stmt" count="55"/>
        <line num="216" type="method" name="storeStoredProcedureData" crap="2" count="55"/>
        <line num="218" type="stmt" count="55"/>
        <line num="219" type="stmt" count="8"/>
        <line num="220" type="stmt" count="8"/>
        <line num="221" type="stmt" count="8"/>
        <line num="222" type="stmt" count="55"/>
        <line num="223" type="stmt" count="55"/>
        <line num="228" type="method" name="storeIndexData" crap="2" count="55"/>
        <line num="230" type="stmt" count="55"/>
        <line num="231" type="stmt" count="14"/>
        <line num="232" type="stmt" count="55"/>
        <line num="233" type="stmt" count="55"/>
        <line num="238" type="method" name="deriveData" crap="3" count="55"/>
        <line num="240" type="stmt" count="55"/>
        <line num="241" type="stmt" count="49"/>
        <line num="242" type="stmt" count="49"/>
        <line num="243" type="stmt" count="49"/>
        <line num="244" type="stmt" count="55"/>
        <line num="245" type="stmt" count="6"/>
        <line num="246" type="stmt" count="6"/>
        <line num="247" type="stmt" count="55"/>
        <line num="254" type="method" name="updateModel" crap="7" count="55"/>
        <line num="256" type="stmt" count="55"/>
        <line num="257" type="stmt" count="6"/>
        <line num="258" type="stmt" count="6"/>
        <line num="260" type="stmt" count="55"/>
        <line num="261" type="stmt" count="55"/>
        <line num="263" type="stmt" count="55"/>
        <line num="264" type="stmt" count="55"/>
        <line num="265" type="stmt" count="31"/>
        <line num="266" type="stmt" count="31"/>
        <line num="267" type="stmt" count="55"/>
        <line num="268" type="stmt" count="55"/>
        <line num="269" type="stmt" count="20"/>
        <line num="270" type="stmt" count="20"/>
        <line num="271" type="stmt" count="55"/>
        <line num="273" type="stmt" count="55"/>
        <line num="274" type="stmt" count="14"/>
        <line num="275" type="stmt" count="55"/>
        <line num="277" type="stmt" count="55"/>
        <line num="278" type="stmt" count="8"/>
        <line num="279" type="stmt" count="55"/>
        <line num="280" type="stmt" count="55"/>
        <line num="287" type="method" name="addToUsedFQClassNames" crap="2" count="31"/>
        <line num="289" type="stmt" count="31"/>
        <line num="290" type="stmt" count="31"/>
        <line num="291" type="stmt" count="31"/>
        <line num="293" type="stmt" count="31"/>
        <line num="300" type="method" name="validate" crap="6" count="50"/>
        <line num="303" type="stmt" count="50"/>
        <line num="305" type="stmt" count="50"/>
        <line num="306" type="stmt" count="50"/>
        <line num="307" type="stmt" count="50"/>
        <line num="309" type="stmt" count="50"/>
        <line num="310" type="stmt" count="26"/>
        <line num="311" type="stmt" count="50"/>
        <line num="313" type="stmt" count="50"/>
        <line num="314" type="stmt" count="15"/>
        <line num="315" type="stmt" count="50"/>
        <line num="317" type="stmt" count="50"/>
        <line num="318" type="stmt" count="9"/>
        <line num="319" type="stmt" count="50"/>
        <line num="321" type="stmt" count="50"/>
        <line num="322" type="stmt" count="3"/>
        <line num="323" type="stmt" count="50"/>
        <line num="324" type="stmt" count="50"/>
        <line num="331" type="method" name="validateEntity" crap="4.59" count="50"/>
        <line num="333" type="stmt" count="50"/>
        <line num="335" type="stmt" count="50"/>
        <line num="337" type="stmt" count="50"/>
        <line num="338" type="stmt" count="0"/>
        <line num="339" type="stmt" count="0"/>
        <line num="341" type="stmt" count="50"/>
        <line num="342" type="stmt" count="0"/>
        <line num="343" type="stmt" count="0"/>
        <line num="345" type="stmt" count="50"/>
        <line num="346" type="stmt" count="50"/>
        <line num="348" type="stmt" count="1"/>
        <line num="349" type="stmt" count="50"/>
        <line num="354" type="method" name="getPrimaryKeyAttributeList" crap="3" count="55"/>
        <line num="356" type="stmt" count="55"/>
        <line num="357" type="stmt" count="55"/>
        <line num="358" type="stmt" count="55"/>
        <line num="359" type="stmt" count="55"/>
        <line num="360" type="stmt" count="55"/>
        <line num="361" type="stmt" count="55"/>
        <line num="362" type="stmt" count="55"/>
        <line num="368" type="method" name="getPrimaryKeyColumns" crap="5" count="50"/>
        <line num="370" type="stmt" count="50"/>
        <line num="371" type="stmt" count="50"/>
        <line num="372" type="stmt" count="50"/>
        <line num="373" type="stmt" count="50"/>
        <line num="374" type="stmt" count="50"/>
        <line num="375" type="stmt" count="50"/>
        <line num="376" type="stmt" count="50"/>
        <line num="377" type="stmt" count="26"/>
        <line num="378" type="stmt" count="1"/>
        <line num="379" type="stmt" count="1"/>
        <line num="380" type="stmt" count="50"/>
        <line num="381" type="stmt" count="50"/>
        <line num="387" type="method" name="hasPrimaryKey" crap="1" count="50"/>
        <line num="389" type="stmt" count="50"/>
        <line num="397" type="method" name="getAttributeByName" crap="12" count="0"/>
        <line num="399" type="stmt" count="0"/>
        <line num="400" type="stmt" count="0"/>
        <line num="401" type="stmt" count="0"/>
        <line num="403" type="stmt" count="0"/>
        <line num="404" type="stmt" count="0"/>
        <line num="410" type="method" name="getAttributeSourceList" crap="1" count="55"/>
        <line num="412" type="stmt" count="55"/>
        <line num="418" type="method" name="getAttributeGeneratorSourceList" crap="1" count="50"/>
        <line num="420" type="stmt" count="50"/>
        <line num="428" type="method" name="getReferenceByName" crap="3.07" count="15"/>
        <line num="430" type="stmt" count="15"/>
        <line num="431" type="stmt" count="15"/>
        <line num="432" type="stmt" count="15"/>
        <line num="434" type="stmt" count="1"/>
        <line num="435" type="stmt" count="0"/>
        <line num="445" type="method" name="getReferenceByColumnName" crap="3" count="14"/>
        <line num="447" type="stmt" count="14"/>
        <line num="448" type="stmt" count="7"/>
        <line num="449" type="stmt" count="2"/>
        <line num="451" type="stmt" count="14"/>
        <line num="452" type="stmt" count="14"/>
        <line num="460" type="method" name="getReferenceByRelationName" crap="4.37" count="31"/>
        <line num="462" type="stmt" count="31"/>
        <line num="463" type="stmt" count="26"/>
        <line num="465" type="stmt" count="5"/>
        <line num="466" type="stmt" count="5"/>
        <line num="467" type="stmt" count="5"/>
        <line num="469" type="stmt" count="0"/>
        <line num="470" type="stmt" count="0"/>
        <line num="476" type="method" name="getReferenceSourceList" crap="1" count="50"/>
        <line num="478" type="stmt" count="50"/>
        <line num="484" type="method" name="getReferenceGeneratorSourceList" crap="1" count="50"/>
        <line num="486" type="stmt" count="50"/>
        <line num="492" type="method" name="getCollectorSourceList" crap="1" count="49"/>
        <line num="494" type="stmt" count="49"/>
        <line num="500" type="method" name="getStoredProcedureSourceList" crap="1" count="50"/>
        <line num="502" type="stmt" count="50"/>
        <line num="508" type="method" name="getIndexSourceList" crap="1" count="50"/>
        <line num="510" type="stmt" count="50"/>
        <line num="516" type="method" name="hasReferences" crap="1" count="49"/>
        <line num="518" type="stmt" count="49"/>
        <line num="524" type="method" name="hasAttributes" crap="1" count="49"/>
        <line num="526" type="stmt" count="49"/>
        <line num="532" type="method" name="getClassName" crap="1" count="51"/>
        <line num="534" type="stmt" count="51"/>
        <line num="540" type="method" name="getClassNamespace" crap="1" count="49"/>
        <line num="542" type="stmt" count="49"/>
        <line num="548" type="method" name="getConstructorClass" crap="1" count="50"/>
        <line num="550" type="stmt" count="50"/>
        <line num="556" type="method" name="getConstructorNamespace" crap="1" count="49"/>
        <line num="558" type="stmt" count="49"/>
        <line num="564" type="method" name="getTable" crap="1" count="52"/>
        <line num="566" type="stmt" count="52"/>
        <line num="572" type="method" name="getDelimitTable" crap="1" count="50"/>
        <line num="574" type="stmt" count="50"/>
        <line num="580" type="method" name="isDelimit" crap="1" count="51"/>
        <line num="582" type="stmt" count="51"/>
        <line num="588" type="method" name="getTargetPath" crap="1" count="49"/>
        <line num="590" type="stmt" count="49"/>
        <line num="597" type="method" name="isDateTimeUsed" crap="4" count="49"/>
        <line num="599" type="stmt" count="49"/>
        <line num="600" type="stmt" count="1"/>
        <line num="603" type="stmt" count="48"/>
        <line num="604" type="stmt" count="48"/>
        <line num="605" type="stmt" count="43"/>
        <line num="607" type="stmt" count="48"/>
        <line num="608" type="stmt" count="33"/>
        <line num="615" type="method" name="getUsedFQClassNames" crap="1" count="48"/>
        <line num="617" type="stmt" count="48"/>
        <line num="623" type="method" name="getFullyQualifiedClassName" crap="1" count="31"/>
        <line num="625" type="stmt" count="31"/>
        <line num="635" type="method" name="getAbsoluteTargetPath" crap="2.15" count="48"/>
        <line num="637" type="stmt" count="48"/>
        <line num="638" type="stmt" count="0"/>
        <line num="640" type="stmt" count="48"/>
        <line num="650" type="method" name="getTargetEntityFile" crap="1" count="48"/>
        <line num="652" type="stmt" count="48"/>
        <line num="653" type="stmt" count="48"/>
        <line num="661" type="method" name="getDatabaseSpecific" crap="1" count="50"/>
        <line num="663" type="stmt" count="50"/>
        <line num="669" type="method" name="getDelimiterEntity" crap="2" count="0"/>
        <line num="671" type="stmt" count="0"/>
        <line num="672" type="stmt" count="0"/>
        <line num="673" type="stmt" count="0"/>
        <metrics loc="674" ncloc="458" classes="1" methods="44" coveredmethods="38" conditionals="0" coveredconditionals="0" statements="191" coveredstatements="175" elements="235" coveredelements="213"/>
      </file>
      <file name="/Users/gregor/PhpstormProjects/SiestaPHP/src/siestaphp/datamodel/entity/EntityDelimiter.php">
        <class name="EntityDelimiter" namespace="siestaphp\datamodel\entity" fullPackage="siestaphp" package="siestaphp">
          <metrics methods="0" coveredmethods="0" conditionals="0" coveredconditionals="0" statements="0" coveredstatements="0" elements="0" coveredelements="0"/>
        </class>
        <metrics loc="14" ncloc="10" classes="1" methods="0" coveredmethods="0" conditionals="0" coveredconditionals="0" statements="0" coveredstatements="0" elements="0" coveredelements="0"/>
      </file>
    </package>
    <file name="/Users/gregor/PhpstormProjects/SiestaPHP/src/siestaphp/datamodel/entity/EntityGeneratorSource.php">
      <metrics loc="90" ncloc="41" classes="0" methods="0" coveredmethods="0" conditionals="0" coveredconditionals="0" statements="0" coveredstatements="0" elements="0" coveredelements="0"/>
    </file>
    <file name="/Users/gregor/PhpstormProjects/SiestaPHP/src/siestaphp/datamodel/entity/EntitySource.php">
      <metrics loc="83" ncloc="38" classes="0" methods="0" coveredmethods="0" conditionals="0" coveredconditionals="0" statements="0" coveredstatements="0" elements="0" coveredelements="0"/>
    </file>
    <package name="siestaphp\datamodel\index">
      <file name="/Users/gregor/PhpstormProjects/SiestaPHP/src/siestaphp/datamodel/index/Index.php">
        <class name="Index" namespace="siestaphp\datamodel\index" fullPackage="siestaphp" package="siestaphp">
          <metrics methods="8" coveredmethods="7" conditionals="0" coveredconditionals="0" statements="29" coveredstatements="23" elements="37" coveredelements="30"/>
        </class>
        <line num="37" type="method" name="__construct" crap="1" count="14"/>
        <line num="39" type="stmt" count="14"/>
        <line num="40" type="stmt" count="14"/>
        <line num="41" type="stmt" count="14"/>
        <line num="42" type="stmt" count="14"/>
        <line num="47" type="method" name="extractIndexPartList" crap="2" count="14"/>
        <line num="49" type="stmt" count="14"/>
        <line num="50" type="stmt" count="14"/>
        <line num="51" type="stmt" count="14"/>
        <line num="52" type="stmt" count="14"/>
        <line num="53" type="stmt" count="14"/>
        <line num="58" type="method" name="getName" crap="5.67" count="9"/>
        <line num="60" type="stmt" count="9"/>
        <line num="61" type="stmt" count="9"/>
        <line num="62" type="stmt" count="9"/>
        <line num="65" type="stmt" count="0"/>
        <line num="66" type="stmt" count="0"/>
        <line num="67" type="stmt" count="0"/>
        <line num="68" type="stmt" count="0"/>
        <line num="69" type="stmt" count="0"/>
        <line num="70" type="stmt" count="0"/>
        <line num="76" type="method" name="isUnique" crap="1" count="9"/>
        <line num="78" type="stmt" count="9"/>
        <line num="84" type="method" name="getType" crap="1" count="9"/>
        <line num="86" type="stmt" count="9"/>
        <line num="92" type="method" name="getIndexPartSourceList" crap="1" count="9"/>
        <line num="94" type="stmt" count="9"/>
        <line num="102" type="method" name="updateModel" crap="2" count="14"/>
        <line num="104" type="stmt" count="14"/>
        <line num="105" type="stmt" count="14"/>
        <line num="106" type="stmt" count="14"/>
        <line num="107" type="stmt" count="14"/>
        <line num="114" type="method" name="validate" crap="2" count="9"/>
        <line num="116" type="stmt" count="9"/>
        <line num="117" type="stmt" count="9"/>
        <line num="118" type="stmt" count="9"/>
        <line num="119" type="stmt" count="9"/>
        <metrics loc="120" ncloc="78" classes="1" methods="8" coveredmethods="7" conditionals="0" coveredconditionals="0" statements="29" coveredstatements="23" elements="37" coveredelements="30"/>
      </file>
      <file name="/Users/gregor/PhpstormProjects/SiestaPHP/src/siestaphp/datamodel/index/IndexPart.php">
        <class name="IndexPart" namespace="siestaphp\datamodel\index" fullPackage="siestaphp" package="siestaphp">
          <metrics methods="8" coveredmethods="6" conditionals="0" coveredconditionals="0" statements="30" coveredstatements="27" elements="38" coveredelements="33"/>
        </class>
        <line num="49" type="method" name="__construct" crap="1" count="14"/>
        <line num="51" type="stmt" count="14"/>
        <line num="52" type="stmt" count="14"/>
        <line num="53" type="stmt" count="14"/>
        <line num="54" type="stmt" count="14"/>
        <line num="55" type="stmt" count="14"/>
        <line num="60" type="method" name="getColumnName" crap="1" count="14"/>
        <line num="62" type="stmt" count="14"/>
        <line num="68" type="method" name="getSortOrder" crap="1" count="9"/>
        <line num="70" type="stmt" count="9"/>
        <line num="76" type="method" name="getLength" crap="1" count="9"/>
        <line num="78" type="stmt" count="9"/>
        <line num="86" type="method" name="updateModel" crap="1" count="14"/>
        <line num="88" type="stmt" count="14"/>
        <line num="89" type="stmt" count="14"/>
        <line num="91" type="stmt" count="14"/>
        <line num="97" type="method" name="checkIfIndexPartIsForAttribute" crap="3" count="14"/>
        <line num="99" type="stmt" count="14"/>
        <line num="100" type="stmt" count="14"/>
        <line num="101" type="stmt" count="9"/>
        <line num="102" type="stmt" count="9"/>
        <line num="104" type="stmt" count="14"/>
        <line num="105" type="stmt" count="7"/>
        <line num="111" type="method" name="checkIfIndexPartIsForReference" crap="3.02" count="14"/>
        <line num="115" type="stmt" count="14"/>
        <line num="116" type="stmt" count="14"/>
        <line num="117" type="stmt" count="14"/>
        <line num="121" type="stmt" count="2"/>
        <line num="122" type="stmt" count="2"/>
        <line num="123" type="stmt" count="0"/>
        <line num="126" type="stmt" count="2"/>
        <line num="127" type="stmt" count="2"/>
        <line num="134" type="method" name="validate" crap="2.26" count="9"/>
        <line num="136" type="stmt" count="9"/>
        <line num="138" type="stmt" count="9"/>
        <line num="139" type="stmt" count="0"/>
        <line num="140" type="stmt" count="0"/>
        <line num="141" type="stmt" count="9"/>
        <metrics loc="142" ncloc="92" classes="1" methods="8" coveredmethods="6" conditionals="0" coveredconditionals="0" statements="30" coveredstatements="27" elements="38" coveredelements="33"/>
      </file>
    </package>
    <file name="/Users/gregor/PhpstormProjects/SiestaPHP/src/siestaphp/datamodel/index/IndexPartSource.php">
      <metrics loc="26" ncloc="13" classes="0" methods="0" coveredmethods="0" conditionals="0" coveredconditionals="0" statements="0" coveredstatements="0" elements="0" coveredelements="0"/>
    </file>
    <file name="/Users/gregor/PhpstormProjects/SiestaPHP/src/siestaphp/datamodel/index/IndexSource.php">
      <metrics loc="37" ncloc="21" classes="0" methods="0" coveredmethods="0" conditionals="0" coveredconditionals="0" statements="0" coveredstatements="0" elements="0" coveredelements="0"/>
    </file>
    <package name="siestaphp\datamodel\reference">
      <file name="/Users/gregor/PhpstormProjects/SiestaPHP/src/siestaphp/datamodel/reference/Mapping.php">
        <class name="Mapping" namespace="siestaphp\datamodel\reference" fullPackage="siestaphp" package="siestaphp">
          <metrics methods="4" coveredmethods="0" conditionals="0" coveredconditionals="0" statements="12" coveredstatements="0" elements="16" coveredelements="0"/>
        </class>
        <line num="20" type="method" name="getName" crap="2" count="0"/>
        <line num="21" type="stmt" count="0"/>
        <line num="22" type="stmt" count="0"/>
        <line num="23" type="stmt" count="0"/>
        <line num="28" type="method" name="getDatabaseName" crap="2" count="0"/>
        <line num="29" type="stmt" count="0"/>
        <line num="30" type="stmt" count="0"/>
        <line num="31" type="stmt" count="0"/>
        <line num="36" type="method" name="getForeignName" crap="2" count="0"/>
        <line num="37" type="stmt" count="0"/>
        <line num="38" type="stmt" count="0"/>
        <line num="39" type="stmt" count="0"/>
        <line num="44" type="method" name="getDatabaseType" crap="2" count="0"/>
        <line num="45" type="stmt" count="0"/>
        <line num="46" type="stmt" count="0"/>
        <line num="47" type="stmt" count="0"/>
        <metrics loc="48" ncloc="26" classes="1" methods="4" coveredmethods="0" conditionals="0" coveredconditionals="0" statements="12" coveredstatements="0" elements="16" coveredelements="0"/>
      </file>
      <file name="/Users/gregor/PhpstormProjects/SiestaPHP/src/siestaphp/datamodel/reference/Reference.php">
        <class name="Reference" namespace="siestaphp\datamodel\reference" fullPackage="siestaphp" package="siestaphp">
          <metrics methods="29" coveredmethods="23" conditionals="0" coveredconditionals="0" statements="100" coveredstatements="90" elements="129" coveredelements="113"/>
        </class>
        <line num="113" type="method" name="setSource" crap="1" count="31"/>
        <line num="115" type="stmt" count="31"/>
        <line num="117" type="stmt" count="31"/>
        <line num="119" type="stmt" count="31"/>
        <line num="121" type="stmt" count="31"/>
        <line num="123" type="stmt" count="31"/>
        <line num="125" type="stmt" count="31"/>
        <line num="130" type="method" name="storeReferenceData" crap="1" count="31"/>
        <line num="132" type="stmt" count="31"/>
        <line num="133" type="stmt" count="31"/>
        <line num="134" type="stmt" count="31"/>
        <line num="135" type="stmt" count="31"/>
        <line num="136" type="stmt" count="31"/>
        <line num="137" type="stmt" count="31"/>
        <line num="138" type="stmt" count="31"/>
        <line num="139" type="stmt" count="31"/>
        <line num="144" type="method" name="getReferencedFullyQualifiedClassName" crap="2.15" count="31"/>
        <line num="146" type="stmt" count="31"/>
        <line num="147" type="stmt" count="31"/>
        <line num="149" type="stmt" count="0"/>
        <line num="157" type="method" name="updateModel" crap="6" count="31"/>
        <line num="160" type="stmt" count="31"/>
        <line num="161" type="stmt" count="15"/>
        <line num="162" type="stmt" count="15"/>
        <line num="164" type="stmt" count="31"/>
        <line num="165" type="stmt" count="15"/>
        <line num="166" type="stmt" count="15"/>
        <line num="169" type="stmt" count="31"/>
        <line num="170" type="stmt" count="31"/>
        <line num="171" type="stmt" count="0"/>
        <line num="175" type="stmt" count="31"/>
        <line num="176" type="stmt" count="31"/>
        <line num="177" type="stmt" count="5"/>
        <line num="178" type="stmt" count="5"/>
        <line num="179" type="stmt" count="5"/>
        <line num="182" type="stmt" count="31"/>
        <line num="184" type="stmt" count="31"/>
        <line num="185" type="stmt" count="27"/>
        <line num="186" type="stmt" count="27"/>
        <line num="187" type="stmt" count="4"/>
        <line num="193" type="stmt" count="31"/>
        <line num="195" type="method" name="updateReferencedColumnFromMapping" crap="4" count="4"/>
        <line num="196" type="stmt" count="4"/>
        <line num="197" type="stmt" count="4"/>
        <line num="198" type="stmt" count="4"/>
        <line num="199" type="stmt" count="4"/>
        <line num="200" type="stmt" count="4"/>
        <line num="201" type="stmt" count="4"/>
        <line num="202" type="stmt" count="4"/>
        <line num="203" type="stmt" count="4"/>
        <line num="204" type="stmt" count="4"/>
        <line num="205" type="stmt" count="4"/>
        <line num="209" type="method" name="updateReferencedColumnFromPK" crap="2" count="27"/>
        <line num="210" type="stmt" count="27"/>
        <line num="212" type="stmt" count="27"/>
        <line num="213" type="stmt" count="27"/>
        <line num="214" type="stmt" count="27"/>
        <line num="215" type="stmt" count="27"/>
        <line num="216" type="stmt" count="27"/>
        <line num="217" type="stmt" count="27"/>
        <line num="218" type="stmt" count="27"/>
        <line num="226" type="method" name="getMappingByForeignName" crap="3.58" count="27"/>
        <line num="228" type="stmt" count="27"/>
        <line num="229" type="stmt" count="0"/>
        <line num="230" type="stmt" count="0"/>
        <line num="232" type="stmt" count="27"/>
        <line num="233" type="stmt" count="27"/>
        <line num="241" type="method" name="validate" crap="5.02" count="26"/>
        <line num="243" type="stmt" count="26"/>
        <line num="245" type="stmt" count="26"/>
        <line num="247" type="stmt" count="26"/>
        <line num="249" type="stmt" count="26"/>
        <line num="250" type="stmt" count="0"/>
        <line num="251" type="stmt" count="0"/>
        <line num="253" type="stmt" count="26"/>
        <line num="254" type="stmt" count="0"/>
        <line num="255" type="stmt" count="0"/>
        <line num="256" type="stmt" count="26"/>
        <line num="262" type="method" name="setReferenceCreatorNeeded" crap="1" count="5"/>
        <line num="264" type="stmt" count="5"/>
        <line num="265" type="stmt" count="5"/>
        <line num="270" type="method" name="isReferenceCreatorNeeded" crap="1" count="27"/>
        <line num="272" type="stmt" count="27"/>
        <line num="278" type="method" name="getReferencedColumnList" crap="1" count="27"/>
        <line num="280" type="stmt" count="27"/>
        <line num="288" type="method" name="getReferencedColumn" crap="3" count="7"/>
        <line num="290" type="stmt" count="7"/>
        <line num="291" type="stmt" count="7"/>
        <line num="292" type="stmt" count="2"/>
        <line num="294" type="stmt" count="7"/>
        <line num="295" type="stmt" count="7"/>
        <line num="301" type="method" name="getMappingSourceList" crap="1" count="31"/>
        <line num="303" type="stmt" count="31"/>
        <line num="309" type="method" name="getName" crap="1" count="31"/>
        <line num="311" type="stmt" count="31"/>
        <line num="317" type="method" name="getConstraintName" crap="2.15" count="26"/>
        <line num="319" type="stmt" count="26"/>
        <line num="320" type="stmt" count="0"/>
        <line num="322" type="stmt" count="26"/>
        <line num="328" type="method" name="getRelationName" crap="1" count="5"/>
        <line num="330" type="stmt" count="5"/>
        <line num="336" type="method" name="getDatabaseName" crap="1" count="27"/>
        <line num="338" type="stmt" count="27"/>
        <line num="344" type="method" name="getStoredProcedureFinderName" crap="1" count="27"/>
        <line num="346" type="stmt" count="27"/>
        <line num="352" type="method" name="getStoredProcedureDeleterName" crap="1" count="26"/>
        <line num="354" type="stmt" count="26"/>
        <line num="360" type="method" name="getForeignClass" crap="1" count="27"/>
        <line num="362" type="stmt" count="27"/>
        <line num="368" type="method" name="getForeignTable" crap="2.15" count="1"/>
        <line num="370" type="stmt" count="1"/>
        <line num="371" type="stmt" count="1"/>
        <line num="373" type="stmt" count="0"/>
        <line num="379" type="method" name="getForeignMethodName" crap="1" count="26"/>
        <line num="381" type="stmt" count="26"/>
        <line num="387" type="method" name="isRequired" crap="1" count="27"/>
        <line num="389" type="stmt" count="27"/>
        <line num="395" type="method" name="getMethodName" crap="1" count="31"/>
        <line num="397" type="stmt" count="31"/>
        <line num="403" type="method" name="getReferencedConstructClass" crap="1" count="27"/>
        <line num="405" type="stmt" count="27"/>
        <line num="411" type="method" name="getReferencedTableName" crap="1" count="26"/>
        <line num="413" type="stmt" count="26"/>
        <line num="419" type="method" name="getOnDelete" crap="1" count="27"/>
        <line num="421" type="stmt" count="27"/>
        <line num="427" type="method" name="getOnUpdate" crap="1" count="27"/>
        <line num="429" type="stmt" count="27"/>
        <line num="435" type="method" name="isPrimaryKey" crap="1" count="27"/>
        <line num="437" type="stmt" count="27"/>
        <metrics loc="439" ncloc="293" classes="1" methods="29" coveredmethods="23" conditionals="0" coveredconditionals="0" statements="100" coveredstatements="90" elements="129" coveredelements="113"/>
      </file>
      <file name="/Users/gregor/PhpstormProjects/SiestaPHP/src/siestaphp/datamodel/reference/ReferencedColumn.php">
        <class name="ReferencedColumn" namespace="siestaphp\datamodel\reference" fullPackage="siestaphp" package="siestaphp">
          <metrics methods="11" coveredmethods="11" conditionals="0" coveredconditionals="0" statements="20" coveredstatements="20" elements="31" coveredelements="31"/>
        </class>
        <line num="35" type="method" name="fromAttributeSource" crap="1" count="31"/>
        <line num="37" type="stmt" count="31"/>
        <line num="38" type="stmt" count="31"/>
        <line num="39" type="stmt" count="31"/>
        <line num="40" type="stmt" count="31"/>
        <line num="45" type="method" name="getName" crap="2" count="27"/>
        <line num="47" type="stmt" count="27"/>
        <line num="48" type="stmt" count="4"/>
        <line num="50" type="stmt" count="23"/>
        <line num="56" type="method" name="getMethodName" crap="1" count="27"/>
        <line num="58" type="stmt" count="27"/>
        <line num="64" type="method" name="getPHPType" crap="1" count="27"/>
        <line num="66" type="stmt" count="27"/>
        <line num="72" type="method" name="getDatabaseName" crap="2" count="31"/>
        <line num="74" type="stmt" count="31"/>
        <line num="75" type="stmt" count="4"/>
        <line num="77" type="stmt" count="27"/>
        <line num="83" type="method" name="getReferencedDatabaseName" crap="1" count="26"/>
        <line num="85" type="stmt" count="26"/>
        <line num="91" type="method" name="getReferencedColumnMethodName" crap="1" count="26"/>
        <line num="93" type="stmt" count="26"/>
        <line num="99" type="method" name="getDatabaseType" crap="1" count="26"/>
        <line num="101" type="stmt" count="26"/>
        <line num="107" type="method" name="isPrimaryKey" crap="1" count="1"/>
        <line num="109" type="stmt" count="1"/>
        <line num="115" type="method" name="isRequired" crap="1" count="26"/>
        <line num="117" type="stmt" count="26"/>
        <line num="123" type="method" name="getSQLParameterName" crap="2" count="26"/>
        <line num="125" type="stmt" count="26"/>
        <line num="126" type="stmt" count="4"/>
        <line num="128" type="stmt" count="22"/>
        <metrics loc="131" ncloc="83" classes="1" methods="11" coveredmethods="11" conditionals="0" coveredconditionals="0" statements="20" coveredstatements="20" elements="31" coveredelements="31"/>
      </file>
    </package>
    <file name="/Users/gregor/PhpstormProjects/SiestaPHP/src/siestaphp/datamodel/reference/MappingSource.php">
      <metrics loc="36" ncloc="14" classes="0" methods="0" coveredmethods="0" conditionals="0" coveredconditionals="0" statements="0" coveredstatements="0" elements="0" coveredelements="0"/>
    </file>
    <file name="/Users/gregor/PhpstormProjects/SiestaPHP/src/siestaphp/datamodel/reference/ReferenceGeneratorSource.php">
      <metrics loc="51" ncloc="23" classes="0" methods="0" coveredmethods="0" conditionals="0" coveredconditionals="0" statements="0" coveredstatements="0" elements="0" coveredelements="0"/>
    </file>
    <file name="/Users/gregor/PhpstormProjects/SiestaPHP/src/siestaphp/datamodel/reference/ReferenceSource.php">
      <metrics loc="66" ncloc="29" classes="0" methods="0" coveredmethods="0" conditionals="0" coveredconditionals="0" statements="0" coveredstatements="0" elements="0" coveredelements="0"/>
    </file>
    <file name="/Users/gregor/PhpstormProjects/SiestaPHP/src/siestaphp/datamodel/reference/ReferencedColumnSource.php">
      <metrics loc="28" ncloc="15" classes="0" methods="0" coveredmethods="0" conditionals="0" coveredconditionals="0" statements="0" coveredstatements="0" elements="0" coveredelements="0"/>
    </file>
    <package name="siestaphp\datamodel\storedprocedure">
      <file name="/Users/gregor/PhpstormProjects/SiestaPHP/src/siestaphp/datamodel/storedprocedure/SPParameter.php">
        <class name="SPParameter" namespace="siestaphp\datamodel\storedprocedure" fullPackage="siestaphp" package="siestaphp">
          <metrics methods="7" coveredmethods="7" conditionals="0" coveredconditionals="0" statements="12" coveredstatements="12" elements="19" coveredelements="19"/>
        </class>
        <line num="35" type="method" name="setSource" crap="1" count="8"/>
        <line num="37" type="stmt" count="8"/>
        <line num="39" type="stmt" count="8"/>
        <line num="46" type="method" name="updateModel" crap="1" count="8"/>
        <line num="49" type="stmt" count="8"/>
        <line num="56" type="method" name="validate" crap="1" count="3"/>
        <line num="59" type="stmt" count="3"/>
        <line num="60" type="stmt" count="3"/>
        <line num="61" type="stmt" count="3"/>
        <line num="62" type="stmt" count="3"/>
        <line num="64" type="stmt" count="3"/>
        <line num="69" type="method" name="getName" crap="1" count="3"/>
        <line num="71" type="stmt" count="3"/>
        <line num="77" type="method" name="getPHPType" crap="1" count="3"/>
        <line num="79" type="stmt" count="3"/>
        <line num="85" type="method" name="getDatabaseType" crap="1" count="3"/>
        <line num="87" type="stmt" count="3"/>
        <line num="93" type="method" name="getStoredProcedureName" crap="1" count="3"/>
        <line num="95" type="stmt" count="3"/>
        <metrics loc="97" ncloc="63" classes="1" methods="7" coveredmethods="7" conditionals="0" coveredconditionals="0" statements="12" coveredstatements="12" elements="19" coveredelements="19"/>
      </file>
      <file name="/Users/gregor/PhpstormProjects/SiestaPHP/src/siestaphp/datamodel/storedprocedure/StoredProcedure.php">
        <class name="StoredProcedure" namespace="siestaphp\datamodel\storedprocedure" fullPackage="siestaphp" package="siestaphp">
          <metrics methods="11" coveredmethods="11" conditionals="0" coveredconditionals="0" statements="28" coveredstatements="28" elements="39" coveredelements="39"/>
        </class>
        <line num="41" type="method" name="__construct" crap="1" count="8"/>
        <line num="43" type="stmt" count="8"/>
        <line num="44" type="stmt" count="8"/>
        <line num="52" type="method" name="setSource" crap="1" count="8"/>
        <line num="54" type="stmt" count="8"/>
        <line num="55" type="stmt" count="8"/>
        <line num="56" type="stmt" count="8"/>
        <line num="58" type="stmt" count="8"/>
        <line num="63" type="method" name="storeSPParameter" crap="2" count="8"/>
        <line num="65" type="stmt" count="8"/>
        <line num="66" type="stmt" count="8"/>
        <line num="67" type="stmt" count="8"/>
        <line num="68" type="stmt" count="8"/>
        <line num="69" type="stmt" count="8"/>
        <line num="70" type="stmt" count="8"/>
        <line num="77" type="method" name="updateModel" crap="2" count="8"/>
        <line num="79" type="stmt" count="8"/>
        <line num="80" type="stmt" count="8"/>
        <line num="81" type="stmt" count="8"/>
        <line num="82" type="stmt" count="8"/>
[...]
        <class name="XMLCollectorReader" namespace="siestaphp\xmlreader" fullPackage="siestaphp" package="siestaphp">
          <metrics methods="5" coveredmethods="5" conditionals="0" coveredconditionals="0" statements="5" coveredstatements="5" elements="10" coveredelements="10"/>
        </class>
        <line num="17" type="method" name="getName" crap="1" count="17"/>
        <line num="19" type="stmt" count="17"/>
        <line num="25" type="method" name="getType" crap="1" count="21"/>
        <line num="27" type="stmt" count="21"/>
        <line num="33" type="method" name="getForeignClass" crap="1" count="17"/>
        <line num="35" type="stmt" count="17"/>
        <line num="41" type="method" name="getReferenceName" crap="1" count="17"/>
        <line num="43" type="stmt" count="17"/>
        <line num="49" type="method" name="getMapperClass" crap="1" count="15"/>
        <line num="51" type="stmt" count="15"/>
        <metrics loc="53" ncloc="34" classes="1" methods="5" coveredmethods="5" conditionals="0" coveredconditionals="0" statements="5" coveredstatements="5" elements="10" coveredelements="10"/>
      </file>
      <file name="/Users/gregor/PhpstormProjects/SiestaPHP/src/siestaphp/xmlreader/XMLDatabaseSpecific.php">
        <class name="XMLDatabaseSpecific" namespace="siestaphp\xmlreader" fullPackage="siestaphp" package="siestaphp">
          <metrics methods="2" coveredmethods="2" conditionals="0" coveredconditionals="0" statements="3" coveredstatements="3" elements="5" coveredelements="5"/>
        </class>
        <line num="22" type="method" name="getDatabase" crap="1" count="5"/>
        <line num="24" type="stmt" count="5"/>
        <line num="32" type="method" name="setDatabase" crap="1" count="25"/>
        <line num="34" type="stmt" count="25"/>
        <line num="35" type="stmt" count="25"/>
        <metrics loc="36" ncloc="21" classes="1" methods="2" coveredmethods="2" conditionals="0" coveredconditionals="0" statements="3" coveredstatements="3" elements="5" coveredelements="5"/>
      </file>
      <file name="/Users/gregor/PhpstormProjects/SiestaPHP/src/siestaphp/xmlreader/XMLEntityReader.php">
        <class name="XMLEntityReader" namespace="siestaphp\xmlreader" fullPackage="siestaphp" package="siestaphp">
          <metrics methods="18" coveredmethods="18" conditionals="0" coveredconditionals="0" statements="69" coveredstatements="69" elements="87" coveredelements="87"/>
        </class>
        <line num="53" type="method" name="__construct" crap="1" count="62"/>
        <line num="55" type="stmt" count="62"/>
        <line num="56" type="stmt" count="62"/>
        <line num="61" type="method" name="getAttributeSourceList" crap="2" count="56"/>
        <line num="63" type="stmt" count="56"/>
        <line num="64" type="stmt" count="56"/>
        <line num="65" type="stmt" count="56"/>
        <line num="66" type="stmt" count="56"/>
        <line num="73" type="method" name="readAttributeList" crap="2" count="56"/>
        <line num="75" type="stmt" count="56"/>
        <line num="76" type="stmt" count="56"/>
        <line num="78" type="stmt" count="56"/>
        <line num="79" type="stmt" count="56"/>
        <line num="80" type="stmt" count="56"/>
        <line num="81" type="stmt" count="56"/>
        <line num="82" type="stmt" count="56"/>
        <line num="83" type="stmt" count="56"/>
        <line num="88" type="method" name="getReferenceSourceList" crap="2" count="56"/>
        <line num="90" type="stmt" count="56"/>
        <line num="91" type="stmt" count="56"/>
        <line num="93" type="stmt" count="56"/>
        <line num="94" type="stmt" count="56"/>
        <line num="100" type="method" name="readReferenceList" crap="2" count="56"/>
        <line num="102" type="stmt" count="56"/>
        <line num="103" type="stmt" count="56"/>
        <line num="104" type="stmt" count="56"/>
        <line num="105" type="stmt" count="32"/>
        <line num="106" type="stmt" count="32"/>
        <line num="107" type="stmt" count="32"/>
        <line num="108" type="stmt" count="56"/>
        <line num="110" type="stmt" count="56"/>
        <line num="115" type="method" name="getCollectorSourceList" crap="2" count="56"/>
        <line num="117" type="stmt" count="56"/>
        <line num="118" type="stmt" count="56"/>
        <line num="119" type="stmt" count="56"/>
        <line num="121" type="stmt" count="56"/>
        <line num="127" type="method" name="readCollectorList" crap="2" count="56"/>
        <line num="129" type="stmt" count="56"/>
        <line num="130" type="stmt" count="56"/>
        <line num="131" type="stmt" count="56"/>
        <line num="132" type="stmt" count="21"/>
        <line num="133" type="stmt" count="21"/>
        <line num="134" type="stmt" count="21"/>
        <line num="135" type="stmt" count="56"/>
        <line num="136" type="stmt" count="56"/>
        <line num="141" type="method" name="getStoredProcedureSourceList" crap="2" count="56"/>
        <line num="143" type="stmt" count="56"/>
        <line num="144" type="stmt" count="56"/>
        <line num="145" type="stmt" count="56"/>
        <line num="146" type="stmt" count="56"/>
        <line num="152" type="method" name="readStoredProcedureList" crap="2" count="56"/>
        <line num="154" type="stmt" count="56"/>
        <line num="155" type="stmt" count="56"/>
        <line num="156" type="stmt" count="56"/>
        <line num="157" type="stmt" count="9"/>
        <line num="158" type="stmt" count="9"/>
        <line num="159" type="stmt" count="9"/>
        <line num="160" type="stmt" count="56"/>
        <line num="161" type="stmt" count="56"/>
        <line num="166" type="method" name="getIndexSourceList" crap="2" count="56"/>
        <line num="168" type="stmt" count="56"/>
        <line num="169" type="stmt" count="56"/>
        <line num="170" type="stmt" count="56"/>
        <line num="172" type="stmt" count="56"/>
        <line num="178" type="method" name="readIndexSourceList" crap="2" count="56"/>
        <line num="180" type="stmt" count="56"/>
        <line num="181" type="stmt" count="56"/>
        <line num="182" type="stmt" count="56"/>
        <line num="183" type="stmt" count="15"/>
        <line num="184" type="stmt" count="15"/>
        <line num="185" type="stmt" count="15"/>
        <line num="186" type="stmt" count="56"/>
        <line num="187" type="stmt" count="56"/>
        <line num="192" type="method" name="getClassName" crap="1" count="61"/>
        <line num="194" type="stmt" count="61"/>
        <line num="200" type="method" name="getClassNamespace" crap="1" count="56"/>
        <line num="202" type="stmt" count="56"/>
        <line num="208" type="method" name="getConstructorClass" crap="1" count="56"/>
        <line num="210" type="stmt" count="56"/>
        <line num="216" type="method" name="getConstructorNamespace" crap="1" count="56"/>
        <line num="218" type="stmt" count="56"/>
        <line num="224" type="method" name="getTable" crap="1" count="56"/>
        <line num="226" type="stmt" count="56"/>
        <line num="232" type="method" name="isDelimit" crap="1" count="56"/>
        <line num="234" type="stmt" count="56"/>
        <line num="240" type="method" name="getTargetPath" crap="1" count="56"/>
        <line num="242" type="stmt" count="56"/>
        <metrics loc="244" ncloc="170" classes="1" methods="18" coveredmethods="18" conditionals="0" coveredconditionals="0" statements="69" coveredstatements="69" elements="87" coveredelements="87"/>
      </file>
      <file name="/Users/gregor/PhpstormProjects/SiestaPHP/src/siestaphp/xmlreader/XMLIndexPartReader.php">
        <class name="XMLIndexPartReader" namespace="siestaphp\xmlreader" fullPackage="siestaphp" package="siestaphp">
          <metrics methods="3" coveredmethods="3" conditionals="0" coveredconditionals="0" statements="3" coveredstatements="3" elements="6" coveredelements="6"/>
        </class>
        <line num="17" type="method" name="getColumnName" crap="1" count="15"/>
        <line num="19" type="stmt" count="15"/>
        <line num="25" type="method" name="getSortOrder" crap="1" count="10"/>
        <line num="27" type="stmt" count="10"/>
        <line num="33" type="method" name="getLength" crap="1" count="10"/>
        <line num="35" type="stmt" count="10"/>
        <metrics loc="37" ncloc="24" classes="1" methods="3" coveredmethods="3" conditionals="0" coveredconditionals="0" statements="3" coveredstatements="3" elements="6" coveredelements="6"/>
      </file>
      <file name="/Users/gregor/PhpstormProjects/SiestaPHP/src/siestaphp/xmlreader/XMLIndexReader.php">
        <class name="XMLIndexReader" namespace="siestaphp\xmlreader" fullPackage="siestaphp" package="siestaphp">
          <metrics methods="6" coveredmethods="5" conditionals="0" coveredconditionals="0" statements="16" coveredstatements="15" elements="22" coveredelements="20"/>
        </class>
        <line num="26" type="method" name="getName" crap="1" count="10"/>
        <line num="28" type="stmt" count="10"/>
        <line num="34" type="method" name="isUnique" crap="1" count="10"/>
        <line num="36" type="stmt" count="10"/>
        <line num="42" type="method" name="getType" crap="1" count="10"/>
        <line num="44" type="stmt" count="10"/>
        <line num="50" type="method" name="getIndexPartSourceList" crap="2" count="15"/>
        <line num="52" type="stmt" count="15"/>
        <line num="53" type="stmt" count="15"/>
        <line num="54" type="stmt" count="15"/>
        <line num="55" type="stmt" count="15"/>
        <line num="62" type="method" name="readIndexPartList" crap="2" count="15"/>
        <line num="64" type="stmt" count="15"/>
        <line num="65" type="stmt" count="15"/>
        <line num="67" type="stmt" count="15"/>
        <line num="68" type="stmt" count="15"/>
        <line num="69" type="stmt" count="15"/>
        <line num="70" type="stmt" count="15"/>
        <line num="71" type="stmt" count="15"/>
        <line num="72" type="stmt" count="15"/>
        <line num="77" type="method" name="getReferencedColumnList" crap="2" count="0"/>
        <line num="79" type="stmt" count="0"/>
        <metrics loc="81" ncloc="56" classes="1" methods="6" coveredmethods="5" conditionals="0" coveredconditionals="0" statements="16" coveredstatements="15" elements="22" coveredelements="20"/>
      </file>
      <file name="/Users/gregor/PhpstormProjects/SiestaPHP/src/siestaphp/xmlreader/XMLMappingReader.php">
        <class name="XMLMappingReader" namespace="siestaphp\xmlreader" fullPackage="siestaphp" package="siestaphp">
          <metrics methods="4" coveredmethods="3" conditionals="0" coveredconditionals="0" statements="4" coveredstatements="3" elements="8" coveredelements="6"/>
        </class>
        <line num="17" type="method" name="getName" crap="1" count="4"/>
        <line num="19" type="stmt" count="4"/>
        <line num="25" type="method" name="getDatabaseName" crap="1" count="4"/>
        <line num="27" type="stmt" count="4"/>
        <line num="33" type="method" name="getForeignName" crap="1" count="4"/>
        <line num="35" type="stmt" count="4"/>
        <line num="41" type="method" name="getDatabaseType" crap="2" count="0"/>
        <line num="43" type="stmt" count="0"/>
        <metrics loc="45" ncloc="29" classes="1" methods="4" coveredmethods="3" conditionals="0" coveredconditionals="0" statements="4" coveredstatements="3" elements="8" coveredelements="6"/>
      </file>
      <file name="/Users/gregor/PhpstormProjects/SiestaPHP/src/siestaphp/xmlreader/XMLReader.php">
        <class name="XMLReader" namespace="siestaphp\xmlreader" fullPackage="siestaphp" package="siestaphp">
          <metrics methods="3" coveredmethods="3" conditionals="0" coveredconditionals="0" statements="15" coveredstatements="15" elements="18" coveredelements="18"/>
        </class>
        <line num="34" type="method" name="__construct" crap="1" count="63"/>
        <line num="36" type="stmt" count="63"/>
        <line num="37" type="stmt" count="63"/>
        <line num="38" type="stmt" count="62"/>
        <line num="39" type="stmt" count="62"/>
        <line num="44" type="method" name="getEntitySourceList" crap="3" count="62"/>
        <line num="48" type="stmt" count="62"/>
        <line num="51" type="stmt" count="62"/>
        <line num="52" type="stmt" count="62"/>
        <line num="53" type="stmt" count="62"/>
        <line num="54" type="stmt" count="62"/>
        <line num="55" type="stmt" count="62"/>
        <line num="56" type="stmt" count="62"/>
        <line num="62" type="method" name="handleEntityElement" crap="1" count="62"/>
        <line num="64" type="stmt" count="62"/>
        <line num="65" type="stmt" count="62"/>
        <line num="67" type="stmt" count="62"/>
        <line num="68" type="stmt" count="62"/>
        <metrics loc="69" ncloc="43" classes="1" methods="3" coveredmethods="3" conditionals="0" coveredconditionals="0" statements="15" coveredstatements="15" elements="18" coveredelements="18"/>
      </file>
      <file name="/Users/gregor/PhpstormProjects/SiestaPHP/src/siestaphp/xmlreader/XMLReferenceReader.php">
        <class name="XMLReferenceReader" namespace="siestaphp\xmlreader" fullPackage="siestaphp" package="siestaphp">
          <metrics methods="13" coveredmethods="10" conditionals="0" coveredconditionals="0" statements="23" coveredstatements="20" elements="36" coveredelements="30"/>
        </class>
        <line num="26" type="method" name="getName" crap="1" count="32"/>
        <line num="28" type="stmt" count="32"/>
        <line num="34" type="method" name="getRelationName" crap="1" count="32"/>
        <line num="36" type="stmt" count="32"/>
        <line num="42" type="method" name="getForeignClass" crap="1" count="32"/>
        <line num="44" type="stmt" count="32"/>
        <line num="50" type="method" name="getForeignTable" crap="2" count="0"/>
        <line num="52" type="stmt" count="0"/>
        <line num="58" type="method" name="getForeignAttribute" crap="2" count="0"/>
        <line num="60" type="stmt" count="0"/>
        <line num="66" type="method" name="isRequired" crap="1" count="32"/>
        <line num="68" type="stmt" count="32"/>
        <line num="74" type="method" name="getOnDelete" crap="1" count="32"/>
        <line num="77" type="stmt" count="32"/>
        <line num="83" type="method" name="getOnUpdate" crap="1" count="32"/>
        <line num="85" type="stmt" count="32"/>
        <line num="91" type="method" name="isPrimaryKey" crap="1" count="32"/>
        <line num="93" type="stmt" count="32"/>
        <line num="99" type="method" name="getConstraintName" crap="1" count="26"/>
        <line num="101" type="stmt" count="26"/>
        <line num="107" type="method" name="getMappingSourceList" crap="2" count="31"/>
        <line num="109" type="stmt" count="31"/>
        <line num="110" type="stmt" count="31"/>
        <line num="111" type="stmt" count="31"/>
        <line num="112" type="stmt" count="31"/>
        <line num="119" type="method" name="readMappingList" crap="2" count="31"/>
        <line num="121" type="stmt" count="31"/>
        <line num="122" type="stmt" count="31"/>
        <line num="124" type="stmt" count="31"/>
        <line num="125" type="stmt" count="4"/>
        <line num="126" type="stmt" count="4"/>
        <line num="127" type="stmt" count="4"/>
        <line num="128" type="stmt" count="31"/>
        <line num="130" type="stmt" count="31"/>
        <line num="135" type="method" name="getReferencedColumnList" crap="2" count="0"/>
        <line num="137" type="stmt" count="0"/>
        <metrics loc="139" ncloc="93" classes="1" methods="13" coveredmethods="10" conditionals="0" coveredconditionals="0" statements="23" coveredstatements="20" elements="36" coveredelements="30"/>
      </file>
      <file name="/Users/gregor/PhpstormProjects/SiestaPHP/src/siestaphp/xmlreader/XMLSPParameterReader.php">
        <class name="XMLSPParameterReader" namespace="siestaphp\xmlreader" fullPackage="siestaphp" package="siestaphp">
          <metrics methods="5" coveredmethods="5" conditionals="0" coveredconditionals="0" statements="6" coveredstatements="6" elements="11" coveredelements="11"/>
        </class>
        <line num="18" type="method" name="__construct" crap="1" count="9"/>
        <line num="20" type="stmt" count="9"/>
        <line num="21" type="stmt" count="9"/>
        <line num="26" type="method" name="getName" crap="1" count="4"/>
        <line num="28" type="stmt" count="4"/>
        <line num="34" type="method" name="getPHPType" crap="1" count="4"/>
        <line num="36" type="stmt" count="4"/>
        <line num="42" type="method" name="getStoredProcedureName" crap="1" count="4"/>
        <line num="44" type="stmt" count="4"/>
        <line num="50" type="method" name="getDatabaseType" crap="1" count="4"/>
        <line num="52" type="stmt" count="4"/>
        <metrics loc="54" ncloc="35" classes="1" methods="5" coveredmethods="5" conditionals="0" coveredconditionals="0" statements="6" coveredstatements="6" elements="11" coveredelements="11"/>
      </file>
      <file name="/Users/gregor/PhpstormProjects/SiestaPHP/src/siestaphp/xmlreader/XMLStoredProcedureReader.php">
        <class name="XMLStoredProcedureReader" namespace="siestaphp\xmlreader" fullPackage="siestaphp" package="siestaphp">
          <metrics methods="9" coveredmethods="7" conditionals="0" coveredconditionals="0" statements="24" coveredstatements="22" elements="33" coveredelements="29"/>
        </class>
        <line num="24" type="method" name="__construct" crap="1" count="9"/>
        <line num="26" type="stmt" count="9"/>
        <line num="27" type="stmt" count="9"/>
        <line num="28" type="stmt" count="9"/>
        <line num="33" type="method" name="getName" crap="1" count="4"/>
        <line num="35" type="stmt" count="4"/>
        <line num="41" type="method" name="getFile" crap="2" count="0"/>
        <line num="43" type="stmt" count="0"/>
        <line num="49" type="method" name="modifies" crap="1" count="4"/>
        <line num="51" type="stmt" count="4"/>
        <line num="57" type="method" name="getParameterList" crap="2" count="9"/>
        <line num="60" type="stmt" count="9"/>
        <line num="61" type="stmt" count="9"/>
        <line num="62" type="stmt" count="9"/>
        <line num="64" type="stmt" count="9"/>
        <line num="71" type="method" name="readParameterList" crap="2" count="9"/>
        <line num="73" type="stmt" count="9"/>
        <line num="74" type="stmt" count="9"/>
        <line num="75" type="stmt" count="9"/>
        <line num="76" type="stmt" count="9"/>
        <line num="77" type="stmt" count="9"/>
        <line num="78" type="stmt" count="9"/>
        <line num="80" type="stmt" count="9"/>
        <line num="82" type="stmt" count="9"/>
        <line num="89" type="method" name="getSql" crap="2" count="4"/>
        <line num="91" type="stmt" count="4"/>
        <line num="93" type="stmt" count="4"/>
        <line num="94" type="stmt" count="1"/>
        <line num="97" type="stmt" count="4"/>
        <line num="103" type="method" name="getDatabaseName" crap="2" count="0"/>
        <line num="105" type="stmt" count="0"/>
        <line num="111" type="method" name="getResultType" crap="1" count="4"/>
        <line num="113" type="stmt" count="4"/>
        <metrics loc="116" ncloc="80" classes="1" methods="9" coveredmethods="7" conditionals="0" coveredconditionals="0" statements="24" coveredstatements="22" elements="33" coveredelements="29"/>
      </file>
    </package>
    <metrics files="142" loc="15933" ncloc="10558" classes="110" methods="767" coveredmethods="551" conditionals="0" coveredconditionals="0" statements="4150" coveredstatements="2396" elements="4917" coveredelements="2947"/>
  </project>
</coverage>
